<?xml version="1.0" encoding="UTF-8"?>
<!-- Generated by org.testng.reporters.JUnitReportReporter -->
<testsuite hostname="DESKTOP-DHKQNOK" failures="0" tests="2" name="automation.Login" time="31.697" errors="0" timestamp="02 Aug 2019 10:50:18 GMT" skipped="0">
  <testcase classname="automation.Login" name="loginInvalidCredentials" time="16.468"/>
  <testcase classname="automation.Login" name="loginValidCredentials" time="15.229"/>
</testsuite> <!-- automation.Login -->
