<?xml version="1.0" encoding="UTF-8"?>
<!-- Generated by org.testng.reporters.JUnitReportReporter -->
<testsuite hostname="DESKTOP-DHKQNOK" failures="0" tests="3" name="automation.TCEWEB" time="41.062" errors="0" timestamp="02 Aug 2019 10:04:54 GMT" skipped="0">
  <testcase classname="automation.TCEWEB" name="loginInvalidCredentials" time="16.693"/>
  <testcase classname="automation.TCEWEB" name="loginValidCredentials" time="15.270"/>
  <testcase classname="automation.TCEWEB" name="logoutAfterLogin" time="9.099"/>
</testsuite> <!-- automation.TCEWEB -->
