<?xml version="1.0" encoding="UTF-8"?>
<!-- Generated by org.testng.reporters.JUnitReportReporter -->
<testsuite hostname="DESKTOP-DHKQNOK" failures="0" tests="1" name="tce.LogoutTest" time="8.751" errors="0" timestamp="05 Aug 2019 11:48:09 GMT" skipped="0">
  <testcase classname="tce.LogoutTest" name="logoutAfterLogin" time="8.751"/>
</testsuite> <!-- tce.LogoutTest -->
