<?xml version="1.0" encoding="UTF-8"?>
<!-- Generated by org.testng.reporters.JUnitReportReporter -->
<testsuite hostname="DESKTOP-DHKQNOK" failures="0" tests="1" name="tce.Logout" time="13.089" errors="0" timestamp="02 Aug 2019 11:44:05 GMT" skipped="0">
  <testcase classname="tce.Logout" name="logoutAfterLogin" time="13.089"/>
</testsuite> <!-- tce.Logout -->
