<?xml version="1.0" encoding="UTF-8"?>
<!-- Generated by org.testng.reporters.JUnitReportReporter -->
<testsuite hostname="DESKTOP-DHKQNOK" failures="0" tests="1" name="automation.DepChrome" time="3.395" errors="0" timestamp="02 Aug 2019 06:20:51 GMT" skipped="0">
  <testcase classname="automation.DepChrome" name="testBrowser" time="3.395"/>
</testsuite> <!-- automation.DepChrome -->
