<?xml version="1.0" encoding="UTF-8"?>
<!-- Generated by org.testng.reporters.JUnitReportReporter -->
<testsuite hostname="DESKTOP-DHKQNOK" failures="0" tests="2" name="tce.LoginTest" time="23.177" errors="0" timestamp="02 Aug 2019 11:51:38 GMT" skipped="0">
  <testcase classname="tce.LoginTest" name="loginInvalidCredentials" time="6.309"/>
  <testcase classname="tce.LoginTest" name="loginValidCredentials" time="16.868"/>
</testsuite> <!-- tce.LoginTest -->
