<?xml version="1.0" encoding="UTF-8"?>
<!-- Generated by org.testng.reporters.JUnitReportReporter -->
<testsuite hostname="DESKTOP-DHKQNOK" failures="0" tests="1" name="automation.Logout" time="9.040" errors="0" timestamp="02 Aug 2019 10:50:18 GMT" skipped="0">
  <testcase classname="automation.Logout" name="logoutAfterLogin" time="9.040"/>
</testsuite> <!-- automation.Logout -->
