<?xml version="1.0" encoding="UTF-8"?>
<!-- Generated by org.testng.reporters.JUnitReportReporter -->
<testsuite hostname="DESKTOP-DHKQNOK" failures="0" tests="1" name="tce.LogoutTest" time="18.476" errors="0" timestamp="02 Aug 2019 11:51:38 GMT" skipped="0">
  <testcase classname="tce.LogoutTest" name="logoutAfterLogin" time="18.476"/>
</testsuite> <!-- tce.LogoutTest -->
