<?xml version="1.0" encoding="UTF-8"?>
<!-- Generated by org.testng.reporters.JUnitReportReporter -->
<testsuite hostname="DESKTOP-DHKQNOK" failures="0" tests="2" name="tce.LoginWithPin" time="22.378" errors="0" timestamp="05 Aug 2019 11:48:09 GMT" skipped="0">
  <testcase classname="tce.LoginWithPin" name="VerifyLoginWithPin" time="5.670"/>
  <testcase classname="tce.LoginWithPin" name="loginWithPin" time="16.708"/>
</testsuite> <!-- tce.LoginWithPin -->
