<?xml version="1.0" encoding="UTF-8"?>
<!-- Generated by org.testng.reporters.JUnitReportReporter -->
<testsuite hostname="DESKTOP-DHKQNOK" failures="0" tests="2" name="tce.Login" time="23.398" errors="0" timestamp="02 Aug 2019 11:44:05 GMT" skipped="0">
  <testcase classname="tce.Login" name="loginInvalidCredentials" time="6.630"/>
  <testcase classname="tce.Login" name="loginValidCredentials" time="16.768"/>
</testsuite> <!-- tce.Login -->
